This file contains any messages produced by compilers while
running configure, to aid debugging if configure makes a mistake.

It was created by configure, which was
generated by GNU Autoconf 2.59.  Invocation command line was

  $ ./configure --disable-iax2

## --------- ##
## Platform. ##
## --------- ##

hostname = Charlies-MacBook-Pro.local
uname -m = x86_64
uname -r = 17.5.0
uname -s = Darwin
uname -v = Darwin Kernel Version 17.5.0: Mon Mar  5 22:24:32 PST 2018; root:xnu-4570.51.1~1/RELEASE_X86_64

/usr/bin/uname -p = i386
/bin/uname -X     = unknown

/bin/arch              = unknown
/usr/bin/arch -k       = unknown
/usr/convex/getsysinfo = unknown
hostinfo               = Mach kernel version:
	 Darwin Kernel Version 17.5.0: Mon Mar  5 22:24:32 PST 2018; root:xnu-4570.51.1~1/RELEASE_X86_64
Kernel configured for up to 8 processors.
4 processors are physically available.
8 processors are logically available.
Processor type: x86_64h (Intel x86-64h Haswell)
Processors active: 0 1 2 3 4 5 6 7
Primary memory available: 16.00 gigabytes
Default processor set: 1026 tasks, 3858 threads, 8 processors
Load average: 8.20, Mach factor: 3.25
/bin/machine           = unknown
/usr/bin/oslevel       = unknown
/bin/universe          = unknown

PATH: /Users/charlieporth/google-cloud-sdk/bin
PATH: /Users/charlieporth/go//bin
PATH: /usr/local/opt/coreutils/libexec/gnubin
PATH: /usr/local/bin
PATH: ~/Library/Android/sdk/tools
PATH: /usr/local/bin
PATH: /usr/bin
PATH: /usr/local/sbin
PATH: /sbin
PATH: /bin
PATH: /usr/sbin
PATH: /opt/local/bin
PATH: /opt/local/sbin
PATH: /opt/metasploit-framework/bin/Library/Frameworks/Python.framework/Versions/3.6/bin
PATH: /Library/Frameworks/Python.framework/Versions/3.6/bin
PATH: ~/Library/Android/sdk/tools/bin/
PATH: /Users/charlieporth/.cargo/bin
PATH: /bin
PATH: /sbin/usr/local/bin
PATH: /usr/local/sbin
PATH: /usr/sbin
PATH: /usr/bin
PATH: /Users/charlieporth/.local/bin
PATH: /opt/metasploit-framework/bin
PATH: /opt/metasploit-framework/bin


## ----------- ##
## Core tests. ##
## ----------- ##

configure:1336: checking build system type
configure:1354: result: i386-apple-darwin17.5.0
configure:1362: checking host system type
configure:1376: result: i386-apple-darwin17.5.0
configure:1384: checking target system type
configure:1398: result: i386-apple-darwin17.5.0
configure:1449: checking for a BSD-compatible install
configure:1504: result: /usr/local/opt/coreutils/libexec/gnubin/install -c
configure:1515: checking whether build environment is sane
configure:1558: result: yes
configure:1623: checking for gawk
configure:1639: found /usr/local/bin/gawk
configure:1649: result: gawk
configure:1659: checking whether make sets $(MAKE)
configure:1679: result: yes
configure:1898: checking for gcc
configure:1914: found /usr/bin/gcc
configure:1924: result: gcc
configure:2168: checking for C compiler version
configure:2171: gcc --version </dev/null >&5
Configured with: --prefix=/Applications/Xcode.app/Contents/Developer/usr --with-gxx-include-dir=/usr/include/c++/4.2.1
Apple LLVM version 9.1.0 (clang-902.0.39.1)
Target: x86_64-apple-darwin17.5.0
Thread model: posix
InstalledDir: /Applications/Xcode.app/Contents/Developer/Toolchains/XcodeDefault.xctoolchain/usr/bin
configure:2174: $? = 0
configure:2176: gcc -v </dev/null >&5
Configured with: --prefix=/Applications/Xcode.app/Contents/Developer/usr --with-gxx-include-dir=/usr/include/c++/4.2.1
Apple LLVM version 9.1.0 (clang-902.0.39.1)
Target: x86_64-apple-darwin17.5.0
Thread model: posix
InstalledDir: /Applications/Xcode.app/Contents/Developer/Toolchains/XcodeDefault.xctoolchain/usr/bin
configure:2179: $? = 0
configure:2181: gcc -V </dev/null >&5
clang: error: argument to '-V' is missing (expected 1 value)
clang: error: no input files
configure:2184: $? = 1
configure:2207: checking for C compiler default output file name
configure:2210: gcc    conftest.c  >&5
configure:2213: $? = 0
configure:2259: result: a.out
configure:2264: checking whether the C compiler works
configure:2270: ./a.out
configure:2273: $? = 0
configure:2290: result: yes
configure:2297: checking whether we are cross compiling
configure:2299: result: no
configure:2302: checking for suffix of executables
configure:2304: gcc -o conftest    conftest.c  >&5
configure:2307: $? = 0
configure:2332: result: 
configure:2338: checking for suffix of object files
configure:2359: gcc -c   conftest.c >&5
configure:2362: $? = 0
configure:2384: result: o
configure:2388: checking whether we are using the GNU C compiler
configure:2412: gcc -c   conftest.c >&5
configure:2418: $? = 0
configure:2422: test -z 
			 || test ! -s conftest.err
configure:2425: $? = 0
configure:2428: test -s conftest.o
configure:2431: $? = 0
configure:2444: result: yes
configure:2450: checking whether gcc accepts -g
configure:2471: gcc -c -g  conftest.c >&5
configure:2477: $? = 0
configure:2481: test -z 
			 || test ! -s conftest.err
configure:2484: $? = 0
configure:2487: test -s conftest.o
configure:2490: $? = 0
configure:2501: result: yes
configure:2518: checking for gcc option to accept ANSI C
configure:2588: gcc  -c -g -O2  conftest.c >&5
configure:2594: $? = 0
configure:2598: test -z 
			 || test ! -s conftest.err
configure:2601: $? = 0
configure:2604: test -s conftest.o
configure:2607: $? = 0
configure:2625: result: none needed
configure:2643: gcc -c -g -O2  conftest.c >&5
conftest.c:2:3: error: unknown type name 'choke'
  choke me
  ^
conftest.c:2:11: error: expected ';' after top level declarator
  choke me
          ^
          ;
2 errors generated.
configure:2649: $? = 1
configure: failed program was:
| #ifndef __cplusplus
|   choke me
| #endif
configure:2793: checking for style of include used by make
configure:2821: result: GNU
configure:2849: checking dependency style of gcc
configure:2939: result: gcc3
configure:2969: checking for a BSD-compatible install
configure:3024: result: /usr/local/opt/coreutils/libexec/gnubin/install -c
configure:3041: checking whether make sets $(MAKE)
configure:3061: result: yes
configure:3078: checking how to run the C preprocessor
configure:3113: gcc -E  conftest.c
configure:3119: $? = 0
configure:3151: gcc -E  conftest.c
conftest.c:11:10: fatal error: 'ac_nonexistent.h' file not found
#include <ac_nonexistent.h>
         ^~~~~~~~~~~~~~~~~~
1 error generated.
configure:3157: $? = 1
configure: failed program was:
| /* confdefs.h.  */
| 
| #define PACKAGE_NAME ""
| #define PACKAGE_TARNAME ""
| #define PACKAGE_VERSION ""
| #define PACKAGE_STRING ""
| #define PACKAGE_BUGREPORT ""
| #define PACKAGE "iwar"
| #define VERSION "0.071"
| /* end confdefs.h.  */
| #include <ac_nonexistent.h>
configure:3196: result: gcc -E
configure:3220: gcc -E  conftest.c
configure:3226: $? = 0
configure:3258: gcc -E  conftest.c
conftest.c:11:10: fatal error: 'ac_nonexistent.h' file not found
#include <ac_nonexistent.h>
         ^~~~~~~~~~~~~~~~~~
1 error generated.
configure:3264: $? = 1
configure: failed program was:
| /* confdefs.h.  */
| 
| #define PACKAGE_NAME ""
| #define PACKAGE_TARNAME ""
| #define PACKAGE_VERSION ""
| #define PACKAGE_STRING ""
| #define PACKAGE_BUGREPORT ""
| #define PACKAGE "iwar"
| #define VERSION "0.071"
| /* end confdefs.h.  */
| #include <ac_nonexistent.h>
configure:3308: checking for egrep
configure:3318: result: grep -E
configure:3323: checking for ANSI C header files
configure:3348: gcc -c -g -O2  conftest.c >&5
configure:3354: $? = 0
configure:3358: test -z 
			 || test ! -s conftest.err
configure:3361: $? = 0
configure:3364: test -s conftest.o
configure:3367: $? = 0
configure:3456: gcc -o conftest -g -O2   conftest.c  >&5
conftest.c:28:7: warning: implicitly declaring library function 'exit' with type 'void (int) __attribute__((noreturn))' [-Wimplicit-function-declaration]
      exit(2);
      ^
conftest.c:28:7: note: include the header <stdlib.h> or explicitly provide a declaration for 'exit'
1 warning generated.
configure:3459: $? = 0
configure:3461: ./conftest
configure:3464: $? = 0
configure:3479: result: yes
configure:3489: checking for sys/wait.h that is POSIX.1 compatible
configure:3520: gcc -c -g -O2  conftest.c >&5
configure:3526: $? = 0
configure:3530: test -z 
			 || test ! -s conftest.err
configure:3533: $? = 0
configure:3536: test -s conftest.o
configure:3539: $? = 0
configure:3550: result: yes
configure:3574: checking for sys/types.h
configure:3590: gcc -c -g -O2  conftest.c >&5
configure:3596: $? = 0
configure:3600: test -z 
			 || test ! -s conftest.err
configure:3603: $? = 0
configure:3606: test -s conftest.o
configure:3609: $? = 0
configure:3620: result: yes
configure:3574: checking for sys/stat.h
configure:3590: gcc -c -g -O2  conftest.c >&5
configure:3596: $? = 0
configure:3600: test -z 
			 || test ! -s conftest.err
configure:3603: $? = 0
configure:3606: test -s conftest.o
configure:3609: $? = 0
configure:3620: result: yes
configure:3574: checking for stdlib.h
configure:3590: gcc -c -g -O2  conftest.c >&5
configure:3596: $? = 0
configure:3600: test -z 
			 || test ! -s conftest.err
configure:3603: $? = 0
configure:3606: test -s conftest.o
configure:3609: $? = 0
configure:3620: result: yes
configure:3574: checking for string.h
configure:3590: gcc -c -g -O2  conftest.c >&5
configure:3596: $? = 0
configure:3600: test -z 
			 || test ! -s conftest.err
configure:3603: $? = 0
configure:3606: test -s conftest.o
configure:3609: $? = 0
configure:3620: result: yes
configure:3574: checking for memory.h
configure:3590: gcc -c -g -O2  conftest.c >&5
configure:3596: $? = 0
configure:3600: test -z 
			 || test ! -s conftest.err
configure:3603: $? = 0
configure:3606: test -s conftest.o
configure:3609: $? = 0
configure:3620: result: yes
configure:3574: checking for strings.h
configure:3590: gcc -c -g -O2  conftest.c >&5
configure:3596: $? = 0
configure:3600: test -z 
			 || test ! -s conftest.err
configure:3603: $? = 0
configure:3606: test -s conftest.o
configure:3609: $? = 0
configure:3620: result: yes
configure:3574: checking for inttypes.h
configure:3590: gcc -c -g -O2  conftest.c >&5
configure:3596: $? = 0
configure:3600: test -z 
			 || test ! -s conftest.err
configure:3603: $? = 0
configure:3606: test -s conftest.o
configure:3609: $? = 0
configure:3620: result: yes
configure:3574: checking for stdint.h
configure:3590: gcc -c -g -O2  conftest.c >&5
configure:3596: $? = 0
configure:3600: test -z 
			 || test ! -s conftest.err
configure:3603: $? = 0
configure:3606: test -s conftest.o
configure:3609: $? = 0
configure:3620: result: yes
configure:3574: checking for unistd.h
configure:3590: gcc -c -g -O2  conftest.c >&5
configure:3596: $? = 0
configure:3600: test -z 
			 || test ! -s conftest.err
configure:3603: $? = 0
configure:3606: test -s conftest.o
configure:3609: $? = 0
configure:3620: result: yes
configure:3653: checking fcntl.h usability
configure:3665: gcc -c -g -O2  conftest.c >&5
configure:3671: $? = 0
configure:3675: test -z 
			 || test ! -s conftest.err
configure:3678: $? = 0
configure:3681: test -s conftest.o
configure:3684: $? = 0
configure:3694: result: yes
configure:3698: checking fcntl.h presence
configure:3708: gcc -E  conftest.c
configure:3714: $? = 0
configure:3734: result: yes
configure:3769: checking for fcntl.h
configure:3776: result: yes
configure:3653: checking limits.h usability
configure:3665: gcc -c -g -O2  conftest.c >&5
configure:3671: $? = 0
configure:3675: test -z 
			 || test ! -s conftest.err
configure:3678: $? = 0
configure:3681: test -s conftest.o
configure:3684: $? = 0
configure:3694: result: yes
configure:3698: checking limits.h presence
configure:3708: gcc -E  conftest.c
configure:3714: $? = 0
configure:3734: result: yes
configure:3769: checking for limits.h
configure:3776: result: yes
configure:3653: checking sgtty.h usability
configure:3665: gcc -c -g -O2  conftest.c >&5
configure:3671: $? = 0
configure:3675: test -z 
			 || test ! -s conftest.err
configure:3678: $? = 0
configure:3681: test -s conftest.o
configure:3684: $? = 0
configure:3694: result: yes
configure:3698: checking sgtty.h presence
configure:3708: gcc -E  conftest.c
configure:3714: $? = 0
configure:3734: result: yes
configure:3769: checking for sgtty.h
configure:3776: result: yes
configure:3644: checking for stdlib.h
configure:3649: result: yes
configure:3644: checking for string.h
configure:3649: result: yes
configure:3653: checking sys/ioctl.h usability
configure:3665: gcc -c -g -O2  conftest.c >&5
configure:3671: $? = 0
configure:3675: test -z 
			 || test ! -s conftest.err
configure:3678: $? = 0
configure:3681: test -s conftest.o
configure:3684: $? = 0
configure:3694: result: yes
configure:3698: checking sys/ioctl.h presence
configure:3708: gcc -E  conftest.c
configure:3714: $? = 0
configure:3734: result: yes
configure:3769: checking for sys/ioctl.h
configure:3776: result: yes
configure:3653: checking termios.h usability
configure:3665: gcc -c -g -O2  conftest.c >&5
configure:3671: $? = 0
configure:3675: test -z 
			 || test ! -s conftest.err
configure:3678: $? = 0
configure:3681: test -s conftest.o
configure:3684: $? = 0
configure:3694: result: yes
configure:3698: checking termios.h presence
configure:3708: gcc -E  conftest.c
configure:3714: $? = 0
configure:3734: result: yes
configure:3769: checking for termios.h
configure:3776: result: yes
configure:3644: checking for unistd.h
configure:3649: result: yes
configure:3795: checking for main in -lcurses
configure:3819: gcc -o conftest -g -O2   conftest.c -lcurses   >&5
configure:3825: $? = 0
configure:3829: test -z 
			 || test ! -s conftest.err
configure:3832: $? = 0
configure:3835: test -s conftest
configure:3838: $? = 0
configure:3851: result: yes
configure:3870: checking for main in -lform
configure:3894: gcc -o conftest -g -O2   conftest.c -lform  -lcurses  >&5
configure:3900: $? = 0
configure:3904: test -z 
			 || test ! -s conftest.err
configure:3907: $? = 0
configure:3910: test -s conftest
configure:3913: $? = 0
configure:3926: result: yes
configure:3945: result: ------- MySQL Logging Is Enabled ------
configure:3957: checking mysql/mysql.h usability
configure:3969: gcc -c -g -O2  conftest.c >&5
configure:3975: $? = 0
configure:3979: test -z 
			 || test ! -s conftest.err
configure:3982: $? = 0
configure:3985: test -s conftest.o
configure:3988: $? = 0
configure:3998: result: yes
configure:4002: checking mysql/mysql.h presence
configure:4012: gcc -E  conftest.c
configure:4018: $? = 0
configure:4038: result: yes
configure:4073: checking for mysql/mysql.h
configure:4080: result: yes
configure:4087: checking for main in -lmysqlclient
configure:4111: gcc -o conftest -g -O2   conftest.c -lmysqlclient  -lform -lcurses  >&5
configure:4117: $? = 0
configure:4121: test -z 
			 || test ! -s conftest.err
configure:4124: $? = 0
configure:4127: test -s conftest
configure:4130: $? = 0
configure:4143: result: yes
configure:4536: checking for an ANSI C-conforming const
configure:4603: gcc -c -g -O2  conftest.c >&5
configure:4609: $? = 0
configure:4613: test -z 
			 || test ! -s conftest.err
configure:4616: $? = 0
configure:4619: test -s conftest.o
configure:4622: $? = 0
configure:4633: result: yes
configure:4643: checking whether time.h and sys/time.h may both be included
configure:4668: gcc -c -g -O2  conftest.c >&5
configure:4674: $? = 0
configure:4678: test -z 
			 || test ! -s conftest.err
configure:4681: $? = 0
configure:4684: test -s conftest.o
configure:4687: $? = 0
configure:4698: result: yes
configure:4711: checking whether gcc needs -traditional
conftest.c:34:10: fatal error: 'termio.h' file not found
#include <termio.h>
         ^~~~~~~~~~
1 error generated.
configure:4753: result: no
configure:4765: checking for stdlib.h
configure:4770: result: yes
configure:4910: checking for GNU libc compatible malloc
configure:4939: gcc -o conftest -g -O2   conftest.c -lmysqlclient -lform -lcurses  >&5
configure:4942: $? = 0
configure:4944: ./conftest
configure:4947: $? = 0
configure:4961: result: yes
configure:5006: checking sys/select.h usability
configure:5018: gcc -c -g -O2  conftest.c >&5
configure:5024: $? = 0
configure:5028: test -z 
			 || test ! -s conftest.err
configure:5031: $? = 0
configure:5034: test -s conftest.o
configure:5037: $? = 0
configure:5047: result: yes
configure:5051: checking sys/select.h presence
configure:5061: gcc -E  conftest.c
configure:5067: $? = 0
configure:5087: result: yes
configure:5122: checking for sys/select.h
configure:5129: result: yes
configure:5006: checking sys/socket.h usability
configure:5018: gcc -c -g -O2  conftest.c >&5
configure:5024: $? = 0
configure:5028: test -z 
			 || test ! -s conftest.err
configure:5031: $? = 0
configure:5034: test -s conftest.o
configure:5037: $? = 0
configure:5047: result: yes
configure:5051: checking sys/socket.h presence
configure:5061: gcc -E  conftest.c
configure:5067: $? = 0
configure:5087: result: yes
configure:5122: checking for sys/socket.h
configure:5129: result: yes
configure:5142: checking types of arguments for select
configure:5175: gcc -c -g -O2  conftest.c >&5
configure:5181: $? = 0
configure:5185: test -z 
			 || test ! -s conftest.err
configure:5188: $? = 0
configure:5191: test -s conftest.o
configure:5194: $? = 0
configure:5210: result: int,fd_set *,struct timeval *
configure:5233: checking return type of signal handlers
configure:5264: gcc -c -g -O2  conftest.c >&5
configure:5270: $? = 0
configure:5274: test -z 
			 || test ! -s conftest.err
configure:5277: $? = 0
configure:5280: test -s conftest.o
configure:5283: $? = 0
configure:5294: result: void
configure:5306: checking for strftime
configure:5363: gcc -o conftest -g -O2   conftest.c -lmysqlclient -lform -lcurses  >&5
configure:5369: $? = 0
configure:5373: test -z 
			 || test ! -s conftest.err
configure:5376: $? = 0
configure:5379: test -s conftest
configure:5382: $? = 0
configure:5394: result: yes
configure:5483: checking for select
configure:5540: gcc -o conftest -g -O2   conftest.c -lmysqlclient -lform -lcurses  >&5
configure:5546: $? = 0
configure:5550: test -z 
			 || test ! -s conftest.err
configure:5553: $? = 0
configure:5556: test -s conftest
configure:5559: $? = 0
configure:5571: result: yes
configure:5483: checking for strstr
configure:5540: gcc -o conftest -g -O2   conftest.c -lmysqlclient -lform -lcurses  >&5
conftest.c:68:6: warning: incompatible redeclaration of library function 'strstr' [-Wincompatible-library-redeclaration]
char strstr ();
     ^
conftest.c:68:6: note: 'strstr' is a builtin with type 'char *(const char *, const char *)'
1 warning generated.
configure:5546: $? = 0
configure:5550: test -z 
			 || test ! -s conftest.err
configure:5553: $? = 0
configure:5556: test -s conftest
configure:5559: $? = 0
configure:5571: result: yes
configure:5722: creating ./config.status

## ---------------------- ##
## Running config.status. ##
## ---------------------- ##

This file was extended by config.status, which was
generated by GNU Autoconf 2.59.  Invocation command line was

  CONFIG_FILES    = 
  CONFIG_HEADERS  = 
  CONFIG_LINKS    = 
  CONFIG_COMMANDS = 
  $ ./config.status 

on Charlies-MacBook-Pro.local

config.status:701: creating Makefile
config.status:805: creating config.h
config.status:1169: executing depfiles commands

## ---------------- ##
## Cache variables. ##
## ---------------- ##

ac_cv_build=i386-apple-darwin17.5.0
ac_cv_build_alias=i386-apple-darwin17.5.0
ac_cv_c_compiler_gnu=yes
ac_cv_c_const=yes
ac_cv_env_CC_set=
ac_cv_env_CC_value=
ac_cv_env_CFLAGS_set=
ac_cv_env_CFLAGS_value=
ac_cv_env_CPPFLAGS_set=
ac_cv_env_CPPFLAGS_value=
ac_cv_env_CPP_set=
ac_cv_env_CPP_value=
ac_cv_env_LDFLAGS_set=
ac_cv_env_LDFLAGS_value=
ac_cv_env_build_alias_set=
ac_cv_env_build_alias_value=
ac_cv_env_host_alias_set=
ac_cv_env_host_alias_value=
ac_cv_env_target_alias_set=
ac_cv_env_target_alias_value=
ac_cv_exeext=
ac_cv_func_malloc_0_nonnull=yes
ac_cv_func_select=yes
ac_cv_func_select_args='int,fd_set *,struct timeval *'
ac_cv_func_strftime=yes
ac_cv_func_strstr=yes
ac_cv_header_fcntl_h=yes
ac_cv_header_inttypes_h=yes
ac_cv_header_limits_h=yes
ac_cv_header_memory_h=yes
ac_cv_header_mysql_mysql_h=yes
ac_cv_header_sgtty_h=yes
ac_cv_header_stdc=yes
ac_cv_header_stdint_h=yes
ac_cv_header_stdlib_h=yes
ac_cv_header_string_h=yes
ac_cv_header_strings_h=yes
ac_cv_header_sys_ioctl_h=yes
ac_cv_header_sys_select_h=yes
ac_cv_header_sys_socket_h=yes
ac_cv_header_sys_stat_h=yes
ac_cv_header_sys_types_h=yes
ac_cv_header_sys_wait_h=yes
ac_cv_header_termios_h=yes
ac_cv_header_time=yes
ac_cv_header_unistd_h=yes
ac_cv_host=i386-apple-darwin17.5.0
ac_cv_host_alias=i386-apple-darwin17.5.0
ac_cv_lib_curses_main=yes
ac_cv_lib_form_main=yes
ac_cv_lib_mysqlclient_main=yes
ac_cv_objext=o
ac_cv_path_install='/usr/local/opt/coreutils/libexec/gnubin/install -c'
ac_cv_prog_AWK=gawk
ac_cv_prog_CPP='gcc -E'
ac_cv_prog_ac_ct_CC=gcc
ac_cv_prog_cc_g=yes
ac_cv_prog_cc_stdc=
ac_cv_prog_egrep='grep -E'
ac_cv_prog_gcc_traditional=no
ac_cv_prog_make_make_set=yes
ac_cv_target=i386-apple-darwin17.5.0
ac_cv_target_alias=i386-apple-darwin17.5.0
ac_cv_type_signal=void
am_cv_CC_dependencies_compiler_type=gcc3

## ----------------- ##
## Output variables. ##
## ----------------- ##

ACLOCAL='${SHELL} /Users/charlieporth/Downloads/iwar-0.071/missing --run aclocal-1.9'
AMDEPBACKSLASH='\'
AMDEP_FALSE='#'
AMDEP_TRUE=''
AMTAR='${SHELL} /Users/charlieporth/Downloads/iwar-0.071/missing --run tar'
AUTOCONF='${SHELL} /Users/charlieporth/Downloads/iwar-0.071/missing --run autoconf'
AUTOHEADER='${SHELL} /Users/charlieporth/Downloads/iwar-0.071/missing --run autoheader'
AUTOMAKE='${SHELL} /Users/charlieporth/Downloads/iwar-0.071/missing --run automake-1.9'
AWK='gawk'
CC='gcc'
CCDEPMODE='depmode=gcc3'
CFLAGS='-g -O2'
CPP='gcc -E'
CPPFLAGS=''
CYGPATH_W='echo'
DEFS='-DHAVE_CONFIG_H'
DEPDIR='.deps'
ECHO_C='ECHO_N=''
ECHO_T=''
EGREP='grep -E'
EXEEXT=''
INSTALL_DATA='${INSTALL} -m 644'
INSTALL_PROGRAM='${INSTALL}'
INSTALL_SCRIPT='${INSTALL}'
INSTALL_STRIP_PROGRAM='${SHELL} $(install_sh) -c -s'
LDFLAGS=''
LIBOBJS=''
LIBS='-lmysqlclient -lform -lcurses '
LTLIBOBJS=''
MAKEINFO='${SHELL} /Users/charlieporth/Downloads/iwar-0.071/missing --run makeinfo'
OBJEXT='o'
PACKAGE='iwar'
PACKAGE_BUGREPORT=''
PACKAGE_NAME=''
PACKAGE_STRING=''
PACKAGE_TARNAME=''
PACKAGE_VERSION=''
PATH_SEPARATOR=':'
SET_MAKE=''
SHELL='/bin/sh'
STRIP=''
VERSION='0.071'
ac_ct_CC='gcc'
ac_ct_STRIP=''
am__fastdepCC_FALSE='#'
am__fastdepCC_TRUE=''
am__include='include'
am__leading_dot='.'
am__quote=''
am__tar='${AMTAR} chof - "$$tardir"'
am__untar='${AMTAR} xf -'
bindir='${exec_prefix}/bin'
build='i386-apple-darwin17.5.0'
build_alias=''
build_cpu='i386'
build_os='darwin17.5.0'
build_vendor='apple'
datadir='${prefix}/share'
exec_prefix='${prefix}'
host='i386-apple-darwin17.5.0'
host_alias=''
host_cpu='i386'
host_os='darwin17.5.0'
host_vendor='apple'
includedir='${prefix}/include'
infodir='${prefix}/info'
install_sh='/Users/charlieporth/Downloads/iwar-0.071/install-sh'
libdir='${exec_prefix}/lib'
libexecdir='${exec_prefix}/libexec'
localstatedir='${prefix}/var'
mandir='${prefix}/man'
mkdir_p='mkdir -p --'
oldincludedir='/usr/include'
prefix='/usr/local'
program_transform_name='s,x,x,'
sbindir='${exec_prefix}/sbin'
sharedstatedir='${prefix}/com'
sysconfdir='${prefix}/etc'
target='i386-apple-darwin17.5.0'
target_alias=''
target_cpu='i386'
target_os='darwin17.5.0'
target_vendor='apple'

## ----------- ##
## confdefs.h. ##
## ----------- ##

#define BANNER_FILE_PATH
#define BANNER_FILE_PATH "/usr/local/etc/banners.txt"
#define BLACKLIST_FILE_PATH
#define BLACKLIST_FILE_PATH "/usr/local/etc/iwar-blacklist.txt"
#define CONFIG_FILE_PATH
#define CONFIG_FILE_PATH "/usr/local/etc/iwar.conf"
#define HAVE_FCNTL_H 1
#define HAVE_INTTYPES_H 1
#define HAVE_LIBCURSES 1
#define HAVE_LIBFORM 1
#define HAVE_LIBMYSQLCLIENT 1
#define HAVE_LIMITS_H 1
#define HAVE_MALLOC 1
#define HAVE_MEMORY_H 1
#define HAVE_SELECT 1
#define HAVE_SGTTY_H 1
#define HAVE_STDINT_H 1
#define HAVE_STDLIB_H 1
#define HAVE_STDLIB_H 1
#define HAVE_STDLIB_H 1
#define HAVE_STRFTIME 1
#define HAVE_STRINGS_H 1
#define HAVE_STRING_H 1
#define HAVE_STRING_H 1
#define HAVE_STRSTR 1
#define HAVE_SYS_IOCTL_H 1
#define HAVE_SYS_SELECT_H 1
#define HAVE_SYS_SOCKET_H 1
#define HAVE_SYS_STAT_H 1
#define HAVE_SYS_TYPES_H 1
#define HAVE_SYS_WAIT_H 1
#define HAVE_TERMIOS_H 1
#define HAVE_UNISTD_H 1
#define HAVE_UNISTD_H 1
#define PACKAGE "iwar"
#define PACKAGE_BUGREPORT ""
#define PACKAGE_NAME ""
#define PACKAGE_STRING ""
#define PACKAGE_TARNAME ""
#define PACKAGE_VERSION ""
#define RETSIGTYPE void
#define SELECT_TYPE_ARG1 int
#define SELECT_TYPE_ARG234 (fd_set *)
#define SELECT_TYPE_ARG5 (struct timeval *)
#define STDC_HEADERS 1
#define TIME_WITH_SYS_TIME 1
#define VERSION "0.071"

configure: exit 0
